<?xml version="1.0" encoding="UTF-8"?>
<!-- Generated by org.testng.reporters.JUnitReportReporter -->
<testsuite skipped="0" hostname="SAMEER-PC" name="Testcases.Murtidarshan" tests="1" failures="0" timestamp="2020-04-16T22:38:00 EDT" time="28.699" errors="0">
  <testcase name="darshan" time="28.699" classname="Testcases.Murtidarshan"/>
  <system-out/>
</testsuite> <!-- Testcases.Murtidarshan -->
